Arguments: 
  C:\Program Files\nodejs\node.exe C:\Program Files (x86)\Yarn\bin\yarn.js install

PATH: 
  C:\WINDOWS\system32;C:\WINDOWS;C:\WINDOWS\System32\Wbem;C:\WINDOWS\System32\WindowsPowerShell\v1.0\;C:\WINDOWS\System32\OpenSSH\;C:\Program Files\Git\cmd;C:\Program Files (x86)\Yarn\bin\;C:\Program Files\nodejs\;C:\Program Files\PuTTY\;C:\Users\User\AppData\Local\Microsoft\WindowsApps;C:\Users\User\AppData\Local\Programs\Microsoft VS Code\bin;C:\Users\User\AppData\Local\Yarn\bin;C:\Users\User\AppData\Roaming\npm

Yarn version: 
  1.22.4

Node version: 
  12.17.0

Platform: 
  win32 x64

Trace: 
  Error: 4540:error:1408F119:SSL routines:ssl3_get_record:decryption failed or bad record mac:c:\ws\deps\openssl\openssl\ssl\record\ssl3_record.c:677:

npm manifest: 
  {
    "name": "server",
    "version": "1.0.0",
    "description": "APIs for Jean Pierre's personal portifolio and blog",
    "main": "server.js",
    "scripts": {
      "test": "echo \"Error: no test specified\" && exit 1",
      "build": "babel ./src -d build",
      "start": "nodemon --exec babel-node server.js"
    },
    "author": "Jean Pierre Imanirumva",
    "license": "ISC",
    "dependencies": {
      "express": "^4.17.1",
      "bcrypt": "^5.0.0",
      "body-parser": "^1.19.0",
      "jsonwebtoken": "^8.5.1",
      "mongoose": "^5.10.0",
      "mongoose-validator": "^2.1.0",
      "morgan": "^1.10.0"
    },
    "devDependencies": {
      "@babel/cli": "^7.10.5",
      "@babel/core": "^7.11.1",
      "@babel/node": "^7.10.5",
      "@babel/preset-env": "^7.11.0",
      "@babel/register": "^7.10.5",
      "nodemon": "^2.0.4"
    }
  }

yarn manifest: 
  No manifest

Lockfile: 
  No lockfile
